<?xml version="1.0" encoding="UTF-8" ?>
<testsuite tests="4" failures="0" name="TestSuite" time="9.158" errors="0" skipped="0">
  <properties>
    <property name="java.runtime.name" value="Java(TM) SE Runtime Environment"/>
    <property name="sun.boot.library.path" value="C:\jdk1.8\jre\bin"/>
    <property name="java.vm.version" value="25.152-b16"/>
    <property name="java.vm.vendor" value="Oracle Corporation"/>
    <property name="java.vendor.url" value="http://java.oracle.com/"/>
    <property name="path.separator" value=";"/>
    <property name="java.vm.name" value="Java HotSpot(TM) 64-Bit Server VM"/>
    <property name="file.encoding.pkg" value="sun.io"/>
    <property name="user.script" value=""/>
    <property name="user.country" value="CN"/>
    <property name="sun.java.launcher" value="SUN_STANDARD"/>
    <property name="sun.os.patch.level" value=""/>
    <property name="java.vm.specification.name" value="Java Virtual Machine Specification"/>
    <property name="user.dir" value="D:\testKits\git_repository\muke\AutoTest\Chapter12_AutoTestCase1"/>
    <property name="java.runtime.version" value="1.8.0_152-b16"/>
    <property name="java.awt.graphicsenv" value="sun.awt.Win32GraphicsEnvironment"/>
    <property name="basedir" value="D:\testKits\git_repository\muke\AutoTest\Chapter12_AutoTestCase1"/>
    <property name="java.endorsed.dirs" value="C:\jdk1.8\jre\lib\endorsed"/>
    <property name="os.arch" value="amd64"/>
    <property name="surefire.real.class.path" value="D:\testKits\git_repository\muke\AutoTest\Chapter12_AutoTestCase1\target\surefire\surefirebooter5385508006112197410.jar"/>
    <property name="java.io.tmpdir" value="C:\Users\shlu\AppData\Local\Temp\"/>
    <property name="line.separator" value="
"/>
    <property name="java.vm.specification.vendor" value="Oracle Corporation"/>
    <property name="user.variant" value=""/>
    <property name="os.name" value="Windows 10"/>
    <property name="sun.jnu.encoding" value="GBK"/>
    <property name="java.library.path" value="C:\jdk1.8\jre\bin;C:\WINDOWS\Sun\Java\bin;C:\WINDOWS\system32;C:\WINDOWS;c:\app\shlu\product\11.2.0\client_1\bin;C:\ProgramData\Oracle\Java\javapath;C:\Program Files (x86)\Intel\Intel(R) Management Engine Components\iCLS\;C:\Program Files\Intel\Intel(R) Management Engine Components\iCLS\;C:\WINDOWS\system32;C:\WINDOWS;C:\WINDOWS\System32\Wbem;C:\WINDOWS\System32\WindowsPowerShell\v1.0\;C:\WINDOWS\System32\OpenSSH\;C:\Program Files (x86)\Intel\Intel(R) Management Engine Components\DAL;C:\Program Files\Intel\Intel(R) Management Engine Components\DAL;C:\Program Files (x86)\Intel\Intel(R) Management Engine Components\IPT;C:\Program Files\Intel\Intel(R) Management Engine Components\IPT;C:\Program Files (x86)\NVIDIA Corporation\PhysX\Common;C:\Program Files\Intel\WiFi\bin\;C:\Program Files\Common Files\Intel\WirelessCommon\;C:\Program Files\NVIDIA Corporation\NVIDIA NvDLISR;C:\Python\Python36;C:\Python\Python36\Scripts;D:\devKits\android-sdk_r24.4.1-windows\android-sdk-windows\platform-tools;D:\devKits\android-sdk_r24.4.1-windows\android-sdk-windows\tools;D:\testKits\jmeter\apache-jmeter-3.2\apache-jmeter-3.2\bin;C:\Program Files\TortoiseGit\bin;C:\Program Files\Git\cmd;D:\devKits\myJava\apache-maven-3.5.2\bin;C:\Users\shlu\AppData\Local\Microsoft\WindowsApps;C:\Program Files\Intel\WiFi\bin\;C:\Program Files\Common Files\Intel\WirelessCommon\;C:\Users\shlu\AppData\Local\BypassRuntm;C:\jdk1.8\bin;;C:\Program Files\JetBrains\PyCharm 2019.3.2\bin;;."/>
    <property name="surefire.test.class.path" value="D:\testKits\git_repository\muke\AutoTest\Chapter12_AutoTestCase1\target\test-classes;D:\testKits\git_repository\muke\AutoTest\Chapter12_AutoTestCase1\target\classes;D:\devKits\myJava\maven_repository\org\apache\httpcomponents\httpclient\4.5.10\httpclient-4.5.10.jar;D:\devKits\myJava\maven_repository\org\apache\httpcomponents\httpcore\4.4.14\httpcore-4.4.14.jar;D:\devKits\myJava\maven_repository\commons-codec\commons-codec\1.14\commons-codec-1.14.jar;D:\devKits\myJava\maven_repository\org\json\json\20180813\json-20180813.jar;D:\devKits\myJava\maven_repository\org\mybatis\mybatis\3.5.6\mybatis-3.5.6.jar;D:\devKits\myJava\maven_repository\mysql\mysql-connector-java\5.1.39\mysql-connector-java-5.1.39.jar;D:\devKits\myJava\maven_repository\org\projectlombok\lombok\1.18.16\lombok-1.18.16.jar;D:\devKits\myJava\maven_repository\com\relevantcodes\extentreports\2.41.2\extentreports-2.41.2.jar;D:\devKits\myJava\maven_repository\org\jsoup\jsoup\1.8.3\jsoup-1.8.3.jar;D:\devKits\myJava\maven_repository\org\xerial\sqlite-jdbc\3.31.1\sqlite-jdbc-3.31.1.jar;D:\devKits\myJava\maven_repository\org\freemarker\freemarker\2.3.30\freemarker-2.3.30.jar;D:\devKits\myJava\maven_repository\org\mongodb\mongodb-driver\3.0.4\mongodb-driver-3.0.4.jar;D:\devKits\myJava\maven_repository\org\mongodb\bson\4.0.5\bson-4.0.5.jar;D:\devKits\myJava\maven_repository\org\mongodb\mongodb-driver-core\4.0.5\mongodb-driver-core-4.0.5.jar;D:\devKits\myJava\maven_repository\com\vimalselvam\testng-extentsreport\1.3.1\testng-extentsreport-1.3.1.jar;D:\devKits\myJava\maven_repository\com\google\guava\guava\20.0\guava-20.0.jar;D:\devKits\myJava\maven_repository\org\testng\testng\6.14.3\testng-6.14.3.jar;D:\devKits\myJava\maven_repository\com\beust\jcommander\1.72\jcommander-1.72.jar;D:\devKits\myJava\maven_repository\org\apache-extras\beanshell\bsh\2.0b6\bsh-2.0b6.jar;D:\devKits\myJava\maven_repository\com\aventstack\extentreports\3.1.2\extentreports-3.1.2.jar;D:\devKits\myJava\maven_repository\org\apache\httpcomponents\httpmime\4.5.13\httpmime-4.5.13.jar;D:\devKits\myJava\maven_repository\com\google\code\gson\gson\2.8.6\gson-2.8.6.jar;D:\devKits\myJava\maven_repository\org\mybatis\spring\boot\mybatis-spring-boot-starter\2.1.4\mybatis-spring-boot-starter-2.1.4.jar;D:\devKits\myJava\maven_repository\org\springframework\boot\spring-boot-starter\2.3.7.RELEASE\spring-boot-starter-2.3.7.RELEASE.jar;D:\devKits\myJava\maven_repository\org\springframework\boot\spring-boot\2.3.7.RELEASE\spring-boot-2.3.7.RELEASE.jar;D:\devKits\myJava\maven_repository\org\springframework\spring-context\5.2.12.RELEASE\spring-context-5.2.12.RELEASE.jar;D:\devKits\myJava\maven_repository\org\springframework\spring-aop\5.2.12.RELEASE\spring-aop-5.2.12.RELEASE.jar;D:\devKits\myJava\maven_repository\org\springframework\spring-expression\5.2.12.RELEASE\spring-expression-5.2.12.RELEASE.jar;D:\devKits\myJava\maven_repository\org\springframework\boot\spring-boot-autoconfigure\2.3.7.RELEASE\spring-boot-autoconfigure-2.3.7.RELEASE.jar;D:\devKits\myJava\maven_repository\org\springframework\boot\spring-boot-starter-logging\2.3.7.RELEASE\spring-boot-starter-logging-2.3.7.RELEASE.jar;D:\devKits\myJava\maven_repository\ch\qos\logback\logback-classic\1.2.3\logback-classic-1.2.3.jar;D:\devKits\myJava\maven_repository\ch\qos\logback\logback-core\1.2.3\logback-core-1.2.3.jar;D:\devKits\myJava\maven_repository\org\apache\logging\log4j\log4j-to-slf4j\2.13.3\log4j-to-slf4j-2.13.3.jar;D:\devKits\myJava\maven_repository\org\apache\logging\log4j\log4j-api\2.13.3\log4j-api-2.13.3.jar;D:\devKits\myJava\maven_repository\org\slf4j\jul-to-slf4j\1.7.30\jul-to-slf4j-1.7.30.jar;D:\devKits\myJava\maven_repository\jakarta\annotation\jakarta.annotation-api\1.3.5\jakarta.annotation-api-1.3.5.jar;D:\devKits\myJava\maven_repository\org\springframework\spring-core\5.2.12.RELEASE\spring-core-5.2.12.RELEASE.jar;D:\devKits\myJava\maven_repository\org\springframework\spring-jcl\5.2.12.RELEASE\spring-jcl-5.2.12.RELEASE.jar;D:\devKits\myJava\maven_repository\org\yaml\snakeyaml\1.26\snakeyaml-1.26.jar;D:\devKits\myJava\maven_repository\org\springframework\boot\spring-boot-starter-jdbc\2.3.7.RELEASE\spring-boot-starter-jdbc-2.3.7.RELEASE.jar;D:\devKits\myJava\maven_repository\com\zaxxer\HikariCP\3.4.5\HikariCP-3.4.5.jar;D:\devKits\myJava\maven_repository\org\slf4j\slf4j-api\1.7.30\slf4j-api-1.7.30.jar;D:\devKits\myJava\maven_repository\org\springframework\spring-jdbc\5.2.12.RELEASE\spring-jdbc-5.2.12.RELEASE.jar;D:\devKits\myJava\maven_repository\org\springframework\spring-beans\5.2.12.RELEASE\spring-beans-5.2.12.RELEASE.jar;D:\devKits\myJava\maven_repository\org\springframework\spring-tx\5.2.12.RELEASE\spring-tx-5.2.12.RELEASE.jar;D:\devKits\myJava\maven_repository\org\mybatis\spring\boot\mybatis-spring-boot-autoconfigure\2.1.4\mybatis-spring-boot-autoconfigure-2.1.4.jar;D:\devKits\myJava\maven_repository\org\mybatis\mybatis-spring\2.0.6\mybatis-spring-2.0.6.jar;D:\devKits\myJava\maven_repository\com\alibaba\fastjson\1.2.33\fastjson-1.2.33.jar;"/>
    <property name="java.specification.name" value="Java Platform API Specification"/>
    <property name="java.class.version" value="52.0"/>
    <property name="sun.management.compiler" value="HotSpot 64-Bit Tiered Compilers"/>
    <property name="os.version" value="10.0"/>
    <property name="user.home" value="C:\Users\shlu"/>
    <property name="user.timezone" value="Asia/Shanghai"/>
    <property name="java.awt.printerjob" value="sun.awt.windows.WPrinterJob"/>
    <property name="java.specification.version" value="1.8"/>
    <property name="file.encoding" value="GBK"/>
    <property name="user.name" value="shlu"/>
    <property name="java.class.path" value="D:\testKits\git_repository\muke\AutoTest\Chapter12_AutoTestCase1\target\test-classes;D:\testKits\git_repository\muke\AutoTest\Chapter12_AutoTestCase1\target\classes;D:\devKits\myJava\maven_repository\org\apache\httpcomponents\httpclient\4.5.10\httpclient-4.5.10.jar;D:\devKits\myJava\maven_repository\org\apache\httpcomponents\httpcore\4.4.14\httpcore-4.4.14.jar;D:\devKits\myJava\maven_repository\commons-codec\commons-codec\1.14\commons-codec-1.14.jar;D:\devKits\myJava\maven_repository\org\json\json\20180813\json-20180813.jar;D:\devKits\myJava\maven_repository\org\mybatis\mybatis\3.5.6\mybatis-3.5.6.jar;D:\devKits\myJava\maven_repository\mysql\mysql-connector-java\5.1.39\mysql-connector-java-5.1.39.jar;D:\devKits\myJava\maven_repository\org\projectlombok\lombok\1.18.16\lombok-1.18.16.jar;D:\devKits\myJava\maven_repository\com\relevantcodes\extentreports\2.41.2\extentreports-2.41.2.jar;D:\devKits\myJava\maven_repository\org\jsoup\jsoup\1.8.3\jsoup-1.8.3.jar;D:\devKits\myJava\maven_repository\org\xerial\sqlite-jdbc\3.31.1\sqlite-jdbc-3.31.1.jar;D:\devKits\myJava\maven_repository\org\freemarker\freemarker\2.3.30\freemarker-2.3.30.jar;D:\devKits\myJava\maven_repository\org\mongodb\mongodb-driver\3.0.4\mongodb-driver-3.0.4.jar;D:\devKits\myJava\maven_repository\org\mongodb\bson\4.0.5\bson-4.0.5.jar;D:\devKits\myJava\maven_repository\org\mongodb\mongodb-driver-core\4.0.5\mongodb-driver-core-4.0.5.jar;D:\devKits\myJava\maven_repository\com\vimalselvam\testng-extentsreport\1.3.1\testng-extentsreport-1.3.1.jar;D:\devKits\myJava\maven_repository\com\google\guava\guava\20.0\guava-20.0.jar;D:\devKits\myJava\maven_repository\org\testng\testng\6.14.3\testng-6.14.3.jar;D:\devKits\myJava\maven_repository\com\beust\jcommander\1.72\jcommander-1.72.jar;D:\devKits\myJava\maven_repository\org\apache-extras\beanshell\bsh\2.0b6\bsh-2.0b6.jar;D:\devKits\myJava\maven_repository\com\aventstack\extentreports\3.1.2\extentreports-3.1.2.jar;D:\devKits\myJava\maven_repository\org\apache\httpcomponents\httpmime\4.5.13\httpmime-4.5.13.jar;D:\devKits\myJava\maven_repository\com\google\code\gson\gson\2.8.6\gson-2.8.6.jar;D:\devKits\myJava\maven_repository\org\mybatis\spring\boot\mybatis-spring-boot-starter\2.1.4\mybatis-spring-boot-starter-2.1.4.jar;D:\devKits\myJava\maven_repository\org\springframework\boot\spring-boot-starter\2.3.7.RELEASE\spring-boot-starter-2.3.7.RELEASE.jar;D:\devKits\myJava\maven_repository\org\springframework\boot\spring-boot\2.3.7.RELEASE\spring-boot-2.3.7.RELEASE.jar;D:\devKits\myJava\maven_repository\org\springframework\spring-context\5.2.12.RELEASE\spring-context-5.2.12.RELEASE.jar;D:\devKits\myJava\maven_repository\org\springframework\spring-aop\5.2.12.RELEASE\spring-aop-5.2.12.RELEASE.jar;D:\devKits\myJava\maven_repository\org\springframework\spring-expression\5.2.12.RELEASE\spring-expression-5.2.12.RELEASE.jar;D:\devKits\myJava\maven_repository\org\springframework\boot\spring-boot-autoconfigure\2.3.7.RELEASE\spring-boot-autoconfigure-2.3.7.RELEASE.jar;D:\devKits\myJava\maven_repository\org\springframework\boot\spring-boot-starter-logging\2.3.7.RELEASE\spring-boot-starter-logging-2.3.7.RELEASE.jar;D:\devKits\myJava\maven_repository\ch\qos\logback\logback-classic\1.2.3\logback-classic-1.2.3.jar;D:\devKits\myJava\maven_repository\ch\qos\logback\logback-core\1.2.3\logback-core-1.2.3.jar;D:\devKits\myJava\maven_repository\org\apache\logging\log4j\log4j-to-slf4j\2.13.3\log4j-to-slf4j-2.13.3.jar;D:\devKits\myJava\maven_repository\org\apache\logging\log4j\log4j-api\2.13.3\log4j-api-2.13.3.jar;D:\devKits\myJava\maven_repository\org\slf4j\jul-to-slf4j\1.7.30\jul-to-slf4j-1.7.30.jar;D:\devKits\myJava\maven_repository\jakarta\annotation\jakarta.annotation-api\1.3.5\jakarta.annotation-api-1.3.5.jar;D:\devKits\myJava\maven_repository\org\springframework\spring-core\5.2.12.RELEASE\spring-core-5.2.12.RELEASE.jar;D:\devKits\myJava\maven_repository\org\springframework\spring-jcl\5.2.12.RELEASE\spring-jcl-5.2.12.RELEASE.jar;D:\devKits\myJava\maven_repository\org\yaml\snakeyaml\1.26\snakeyaml-1.26.jar;D:\devKits\myJava\maven_repository\org\springframework\boot\spring-boot-starter-jdbc\2.3.7.RELEASE\spring-boot-starter-jdbc-2.3.7.RELEASE.jar;D:\devKits\myJava\maven_repository\com\zaxxer\HikariCP\3.4.5\HikariCP-3.4.5.jar;D:\devKits\myJava\maven_repository\org\slf4j\slf4j-api\1.7.30\slf4j-api-1.7.30.jar;D:\devKits\myJava\maven_repository\org\springframework\spring-jdbc\5.2.12.RELEASE\spring-jdbc-5.2.12.RELEASE.jar;D:\devKits\myJava\maven_repository\org\springframework\spring-beans\5.2.12.RELEASE\spring-beans-5.2.12.RELEASE.jar;D:\devKits\myJava\maven_repository\org\springframework\spring-tx\5.2.12.RELEASE\spring-tx-5.2.12.RELEASE.jar;D:\devKits\myJava\maven_repository\org\mybatis\spring\boot\mybatis-spring-boot-autoconfigure\2.1.4\mybatis-spring-boot-autoconfigure-2.1.4.jar;D:\devKits\myJava\maven_repository\org\mybatis\mybatis-spring\2.0.6\mybatis-spring-2.0.6.jar;D:\devKits\myJava\maven_repository\com\alibaba\fastjson\1.2.33\fastjson-1.2.33.jar;"/>
    <property name="java.vm.specification.version" value="1.8"/>
    <property name="sun.arch.data.model" value="64"/>
    <property name="java.home" value="C:\jdk1.8\jre"/>
    <property name="sun.java.command" value="D:\testKits\git_repository\muke\AutoTest\Chapter12_AutoTestCase1\target\surefire\surefirebooter5385508006112197410.jar D:\testKits\git_repository\muke\AutoTest\Chapter12_AutoTestCase1\target\surefire\surefire1361055480625918239tmp D:\testKits\git_repository\muke\AutoTest\Chapter12_AutoTestCase1\target\surefire\surefire2883624051477324944tmp"/>
    <property name="java.specification.vendor" value="Oracle Corporation"/>
    <property name="user.language" value="zh"/>
    <property name="awt.toolkit" value="sun.awt.windows.WToolkit"/>
    <property name="java.vm.info" value="mixed mode"/>
    <property name="java.version" value="1.8.0_152"/>
    <property name="java.ext.dirs" value="C:\jdk1.8\jre\lib\ext;C:\WINDOWS\Sun\Java\lib\ext"/>
    <property name="sun.boot.class.path" value="C:\jdk1.8\jre\lib\resources.jar;C:\jdk1.8\jre\lib\rt.jar;C:\jdk1.8\jre\lib\sunrsasign.jar;C:\jdk1.8\jre\lib\jsse.jar;C:\jdk1.8\jre\lib\jce.jar;C:\jdk1.8\jre\lib\charsets.jar;C:\jdk1.8\jre\lib\jfr.jar;C:\jdk1.8\jre\classes"/>
    <property name="java.vendor" value="Oracle Corporation"/>
    <property name="localRepository" value="D:\devKits\myJava\maven_repository"/>
    <property name="file.separator" value="\"/>
    <property name="java.vendor.url.bug" value="http://bugreport.sun.com/bugreport/"/>
    <property name="sun.cpu.endian" value="little"/>
    <property name="sun.io.unicode.encoding" value="UnicodeLittle"/>
    <property name="sun.desktop" value="windows"/>
    <property name="sun.cpu.isalist" value="amd64"/>
  </properties>
  <testcase classname="com.keke84.cases.LoginTest" name="testLoginTrue" time="4.976"/>
  <testcase classname="com.keke84.cases.LoginTest" name="testLoginFalse" time="0.067"/>
  <testcase classname="com.keke84.cases.UpdateUserInfoTest" name="testUpdateUserInfo" time="0.443"/>
  <testcase classname="com.keke84.cases.UpdateUserInfoTest" name="testDeleteUserInfo" time="0.443"/>
</testsuite>