<?xml version="1.0" encoding="UTF-8"?>
<!-- Generated by org.testng.reporters.JUnitReportReporter -->
<testsuite skipped="0" hostname="DESKTOP-F865ED8" name="com.keke84.cases.UpdateUserInfoTest" tests="2" failures="0" timestamp="12 四月 2021 07:12:31 GMT" time="0.885" errors="0">
  <testcase name="testDeleteUserInfo" time="0.442" classname="com.keke84.cases.UpdateUserInfoTest"/>
  <testcase name="testUpdateUserInfo" time="0.443" classname="com.keke84.cases.UpdateUserInfoTest"/>
</testsuite> <!-- com.keke84.cases.UpdateUserInfoTest -->
