<?xml version="1.0" encoding="UTF-8"?>
<!-- Generated by org.testng.reporters.JUnitReportReporter -->
<testsuite skipped="0" hostname="DESKTOP-F865ED8" name="com.keke84.cases.LoginTest" tests="2" failures="0" timestamp="12 四月 2021 07:12:31 GMT" time="5.043" errors="0">
  <testcase name="testLoginTrue" time="4.976" classname="com.keke84.cases.LoginTest"/>
  <testcase name="testLoginFalse" time="0.067" classname="com.keke84.cases.LoginTest"/>
</testsuite> <!-- com.keke84.cases.LoginTest -->
